# JRE version: 7.0_15-b03
# Java VM: Java HotSpot(TM) 64-Bit Server VM (23.7-b01 mixed mode windows-amd64 compressed oops)
Heap
 PSYoungGen      total 40128K, used 10047K [0x00000007ab200000, 0x00000007afaf0000, 0x0000000800000000)
  eden space 10048K, 99% used [0x00000007ab200000,0x00000007abbcfff8,0x00000007abbd0000)
  from space 30080K, 0% used [0x00000007add90000,0x00000007add90000,0x00000007afaf0000)
  to   space 32320K, 0% used [0x00000007abbd0000,0x00000007abbd0000,0x00000007adb60000)
 ParOldGen       total 2781184K, used 2781183K [0x0000000701600000, 0x00000007ab200000, 0x00000007ab200000)
  object space 2781184K, 99% used [0x0000000701600000,0x00000007ab1fffd8,0x00000007ab200000)
 PSPermGen       total 21504K, used 13554K [0x00000006fc400000, 0x00000006fd900000, 0x0000000701600000)
  object space 21504K, 63% used [0x00000006fc400000,0x00000006fd13cad0,0x00000006fd900000)
GC Heap History (10 events):
Event: 6106.377 GC heap before
{Heap before GC invocations=1731 (full 135):
 PSYoungGen      total 40128K, used 10047K [0x00000007ab200000, 0x00000007afaf0000, 0x0000000800000000)
  eden space 10048K, 99% used [0x00000007ab200000,0x00000007abbcfff8,0x00000007abbd0000)
  from space 30080K, 0% used [0x00000007add90000,0x00000007add90000,0x00000007afaf0000)
  to   space 32320K, 0% used [0x00000007abbd0000,0x00000007abbd0000,0x00000007adb60000)
 ParOldGen       total 2781184K, used 2781184K [0x0000000701600000, 0x00000007ab200000, 0x00000007ab200000)
  object space 2781184K, 100% used [0x0000000701600000,0x00000007ab200000,0x00000007ab200000)
 PSPermGen       total 21504K, used 13554K [0x00000006fc400000, 0x00000006fd900000, 0x0000000701600000)
  object space 21504K, 63% used [0x00000006fc400000,0x00000006fd13ca90,0x00000006fd900000)
Event: 6106.452 GC heap after
Heap after GC invocations=1731 (full 135):
 PSYoungGen      total 40128K, used 10047K [0x00000007ab200000, 0x00000007afaf0000, 0x0000000800000000)
  eden space 10048K, 99% used [0x00000007ab200000,0x00000007abbcfff8,0x00000007abbd0000)
  from space 30080K, 0% used [0x00000007add90000,0x00000007add90000,0x00000007afaf0000)
  to   space 32320K, 0% used [0x00000007abbd0000,0x00000007abbd0000,0x00000007adb60000)
 ParOldGen       total 2781184K, used 2781184K [0x0000000701600000, 0x00000007ab200000, 0x00000007ab200000)
  object space 2781184K, 100% used [0x0000000701600000,0x00000007ab200000,0x00000007ab200000)
 PSPermGen       total 21504K, used 13554K [0x00000006fc400000, 0x00000006fd900000, 0x0000000701600000)
  object space 21504K, 63% used [0x00000006fc400000,0x00000006fd13ca90,0x00000006fd900000)
}
Event: 6106.453 GC heap before
{Heap before GC invocations=1732 (full 136):
 PSYoungGen      total 40128K, used 10047K [0x00000007ab200000, 0x00000007afaf0000, 0x0000000800000000)
  eden space 10048K, 99% used [0x00000007ab200000,0x00000007abbcfff8,0x00000007abbd0000)
  from space 30080K, 0% used [0x00000007add90000,0x00000007add90000,0x00000007afaf0000)
  to   space 32320K, 0% used [0x00000007abbd0000,0x00000007abbd0000,0x00000007adb60000)
 ParOldGen       total 2781184K, used 2781184K [0x0000000701600000, 0x00000007ab200000, 0x00000007ab200000)
  object space 2781184K, 100% used [0x0000000701600000,0x00000007ab200000,0x00000007ab200000)
 PSPermGen       total 21504K, used 13554K [0x00000006fc400000, 0x00000006fd900000, 0x0000000701600000)
  object space 21504K, 63% used [0x00000006fc400000,0x00000006fd13ca90,0x00000006fd900000)
Event: 6107.256 GC heap after
Heap after GC invocations=1732 (full 136):
 PSYoungGen      total 40128K, used 10047K [0x00000007ab200000, 0x00000007afaf0000, 0x0000000800000000)
  eden space 10048K, 99% used [0x00000007ab200000,0x00000007abbcffe0,0x00000007abbd0000)
  from space 30080K, 0% used [0x00000007add90000,0x00000007add90000,0x00000007afaf0000)
  to   space 32320K, 0% used [0x00000007abbd0000,0x00000007abbd0000,0x00000007adb60000)
 ParOldGen       total 2781184K, used 2781183K [0x0000000701600000, 0x00000007ab200000, 0x00000007ab200000)
  object space 2781184K, 99% used [0x0000000701600000,0x00000007ab1ffed0,0x00000007ab200000)
 PSPermGen       total 21504K, used 13554K [0x00000006fc400000, 0x00000006fd900000, 0x0000000701600000)
  object space 21504K, 63% used [0x00000006fc400000,0x00000006fd13ca70,0x00000006fd900000)
}
Event: 6107.256 GC heap before
{Heap before GC invocations=1733 (full 137):
 PSYoungGen      total 40128K, used 10047K [0x00000007ab200000, 0x00000007afaf0000, 0x0000000800000000)
  eden space 10048K, 99% used [0x00000007ab200000,0x00000007abbcfff8,0x00000007abbd0000)
  from space 30080K, 0% used [0x00000007add90000,0x00000007add90000,0x00000007afaf0000)
  to   space 32320K, 0% used [0x00000007abbd0000,0x00000007abbd0000,0x00000007adb60000)
 ParOldGen       total 2781184K, used 2781183K [0x0000000701600000, 0x00000007ab200000, 0x00000007ab200000)
  object space 2781184K, 99% used [0x0000000701600000,0x00000007ab1ffed0,0x00000007ab200000)
 PSPermGen       total 21504K, used 13554K [0x00000006fc400000, 0x00000006fd900000, 0x0000000701600000)
  object space 21504K, 63% used [0x00000006fc400000,0x00000006fd13ca70,0x00000006fd900000)
Event: 6107.354 GC heap after
Heap after GC invocations=1733 (full 137):
 PSYoungGen      total 40128K, used 10047K [0x00000007ab200000, 0x00000007afaf0000, 0x0000000800000000)
  eden space 10048K, 99% used [0x00000007ab200000,0x00000007abbcfff8,0x00000007abbd0000)
  from space 30080K, 0% used [0x00000007add90000,0x00000007add90000,0x00000007afaf0000)
  to   space 32320K, 0% used [0x00000007abbd0000,0x00000007abbd0000,0x00000007adb60000)
 ParOldGen       total 2781184K, used 2781183K [0x0000000701600000, 0x00000007ab200000, 0x00000007ab200000)
  object space 2781184K, 99% used [0x0000000701600000,0x00000007ab1ffed0,0x00000007ab200000)
 PSPermGen       total 21504K, used 13554K [0x00000006fc400000, 0x00000006fd900000, 0x0000000701600000)
  object space 21504K, 63% used [0x00000006fc400000,0x00000006fd13ca70,0x00000006fd900000)
}
Event: 6107.354 GC heap before
{Heap before GC invocations=1734 (full 138):
 PSYoungGen      total 40128K, used 10047K [0x00000007ab200000, 0x00000007afaf0000, 0x0000000800000000)
  eden space 10048K, 99% used [0x00000007ab200000,0x00000007abbcfff8,0x00000007abbd0000)
  from space 30080K, 0% used [0x00000007add90000,0x00000007add90000,0x00000007afaf0000)
  to   space 32320K, 0% used [0x00000007abbd0000,0x00000007abbd0000,0x00000007adb60000)
 ParOldGen       total 2781184K, used 2781183K [0x0000000701600000, 0x00000007ab200000, 0x00000007ab200000)
  object space 2781184K, 99% used [0x0000000701600000,0x00000007ab1fffd8,0x00000007ab200000)
 PSPermGen       total 21504K, used 13554K [0x00000006fc400000, 0x00000006fd900000, 0x0000000701600000)
  object space 21504K, 63% used [0x00000006fc400000,0x00000006fd13cad0,0x00000006fd900000)
Event: 6107.446 GC heap after
Heap after GC invocations=1734 (full 138):
 PSYoungGen      total 40128K, used 10047K [0x00000007ab200000, 0x00000007afaf0000, 0x0000000800000000)
  eden space 10048K, 99% used [0x00000007ab200000,0x00000007abbcfff8,0x00000007abbd0000)
  from space 30080K, 0% used [0x00000007add90000,0x00000007add90000,0x00000007afaf0000)
  to   space 32320K, 0% used [0x00000007abbd0000,0x00000007abbd0000,0x00000007adb60000)
 ParOldGen       total 2781184K, used 2781183K [0x0000000701600000, 0x00000007ab200000, 0x00000007ab200000)
  object space 2781184K, 99% used [0x0000000701600000,0x00000007ab1fffd8,0x00000007ab200000)
 PSPermGen       total 21504K, used 13554K [0x00000006fc400000, 0x00000006fd900000, 0x0000000701600000)
  object space 21504K, 63% used [0x00000006fc400000,0x00000006fd13cad0,0x00000006fd900000)
}
Event: 6107.446 GC heap before
{Heap before GC invocations=1735 (full 139):
 PSYoungGen      total 40128K, used 10047K [0x00000007ab200000, 0x00000007afaf0000, 0x0000000800000000)
  eden space 10048K, 99% used [0x00000007ab200000,0x00000007abbcfff8,0x00000007abbd0000)
  from space 30080K, 0% used [0x00000007add90000,0x00000007add90000,0x00000007afaf0000)
  to   space 32320K, 0% used [0x00000007abbd0000,0x00000007abbd0000,0x00000007adb60000)
 ParOldGen       total 2781184K, used 2781183K [0x0000000701600000, 0x00000007ab200000, 0x00000007ab200000)
  object space 2781184K, 99% used [0x0000000701600000,0x00000007ab1fffd8,0x00000007ab200000)
 PSPermGen       total 21504K, used 13554K [0x00000006fc400000, 0x00000006fd900000, 0x0000000701600000)
  object space 21504K, 63% used [0x00000006fc400000,0x00000006fd13cad0,0x00000006fd900000)
Event: 6107.537 GC heap after
Heap after GC invocations=1735 (full 139):
 PSYoungGen      total 40128K, used 10047K [0x00000007ab200000, 0x00000007afaf0000, 0x0000000800000000)
  eden space 10048K, 99% used [0x00000007ab200000,0x00000007abbcfff8,0x00000007abbd0000)
  from space 30080K, 0% used [0x00000007add90000,0x00000007add90000,0x00000007afaf0000)
  to   space 32320K, 0% used [0x00000007abbd0000,0x00000007abbd0000,0x00000007adb60000)
 ParOldGen       total 2781184K, used 2781183K [0x0000000701600000, 0x00000007ab200000, 0x00000007ab200000)
  object space 2781184K, 99% used [0x0000000701600000,0x00000007ab1fffd8,0x00000007ab200000)
 PSPermGen       total 21504K, used 13554K [0x00000006fc400000, 0x00000006fd900000, 0x0000000701600000)
  object space 21504K, 63% used [0x00000006fc400000,0x00000006fd13cad0,0x00000006fd900000)
}

